[2020-11-22 01:00:36] flutterwave/rave.NOTICE: Generating Reference Number.... [] []
[2020-11-22 01:00:36] flutterwave/rave.NOTICE: Generated Reference Number....BeUnique Academy_5fb9aa24716a6 [] []
[2020-11-22 01:00:36] flutterwave/rave.NOTICE: Rave Class Initializes.... [] []
[2020-11-22 01:00:36] flutterwave/rave.NOTICE: Generating Checksum.... [] []
[2020-11-22 01:03:02] flutterwave/rave.NOTICE: Generating Reference Number.... [] []
[2020-11-22 01:03:02] flutterwave/rave.NOTICE: Generated Reference Number....BeUnique Academy_5fb9aab6cb3c1 [] []
[2020-11-22 01:03:02] flutterwave/rave.NOTICE: Rave Class Initializes.... [] []
[2020-11-22 01:03:04] flutterwave/rave.NOTICE: Generating Checksum.... [] []
[2020-11-22 01:05:57] flutterwave/rave.NOTICE: Generating Reference Number.... [] []
[2020-11-22 01:05:57] flutterwave/rave.NOTICE: Generated Reference Number....BeUnique Academy_5fb9ab65d85dc [] []
[2020-11-22 01:05:57] flutterwave/rave.NOTICE: Rave Class Initializes.... [] []
[2020-11-22 01:05:57] flutterwave/rave.NOTICE: Generating Checksum.... [] []
[2020-11-22 01:13:38] flutterwave/rave.NOTICE: Generating Reference Number.... [] []
[2020-11-22 01:13:38] flutterwave/rave.NOTICE: Generated Reference Number....BeUnique Academy_5fb9ad321e127 [] []
[2020-11-22 01:13:38] flutterwave/rave.NOTICE: Rave Class Initializes.... [] []
[2020-11-22 01:13:38] flutterwave/rave.NOTICE: Generating Checksum.... [] []
[2020-11-22 01:15:41] flutterwave/rave.NOTICE: Generating Reference Number.... [] []
[2020-11-22 01:15:41] flutterwave/rave.NOTICE: Generated Reference Number....BeUnique Academy_5fb9adad5d29a [] []
[2020-11-22 01:15:41] flutterwave/rave.NOTICE: Rave Class Initializes.... [] []
[2020-11-22 01:15:41] flutterwave/rave.NOTICE: Generating Checksum.... [] []
[2020-11-22 01:16:49] flutterwave/rave.NOTICE: Generating Reference Number.... [] []
[2020-11-22 01:16:49] flutterwave/rave.NOTICE: Generated Reference Number....BeUnique Academy_5fb9adf136502 [] []
[2020-11-22 01:16:49] flutterwave/rave.NOTICE: Rave Class Initializes.... [] []
[2020-11-22 01:16:49] flutterwave/rave.NOTICE: Generating Checksum.... [] []
[2020-11-22 01:17:06] flutterwave/rave.NOTICE: Generating Reference Number.... [] []
[2020-11-22 01:17:06] flutterwave/rave.NOTICE: Generated Reference Number....BeUnique Academy_5fb9ae02175a3 [] []
[2020-11-22 01:17:06] flutterwave/rave.NOTICE: Rave Class Initializes.... [] []
[2020-11-22 01:17:06] flutterwave/rave.NOTICE: Generating Checksum.... [] []
[2020-11-22 01:19:16] flutterwave/rave.NOTICE: Generating Reference Number.... [] []
[2020-11-22 01:19:16] flutterwave/rave.NOTICE: Generated Reference Number....BeUnique Academy_5fb9ae8466938 [] []
[2020-11-22 01:19:16] flutterwave/rave.NOTICE: Rave Class Initializes.... [] []
[2020-11-22 01:19:16] flutterwave/rave.NOTICE: Generating Checksum.... [] []
[2020-11-22 01:30:12] flutterwave/rave.NOTICE: Generating Reference Number.... [] []
[2020-11-22 01:30:14] flutterwave/rave.NOTICE: Generated Reference Number....BeUnique Academy_5fb9b116872a7 [] []
[2020-11-22 01:30:14] flutterwave/rave.NOTICE: Rave Class Initializes.... [] []
[2020-11-22 01:30:14] flutterwave/rave.NOTICE: Generating Checksum.... [] []
[2020-11-22 01:35:07] flutterwave/rave.NOTICE: Generating Reference Number.... [] []
[2020-11-22 01:35:07] flutterwave/rave.NOTICE: Generated Reference Number....BeUnique Academy_5fb9b23b54b00 [] []
[2020-11-22 01:35:07] flutterwave/rave.NOTICE: Rave Class Initializes.... [] []
[2020-11-22 01:35:07] flutterwave/rave.NOTICE: Generating Checksum.... [] []
[2020-11-22 01:36:11] flutterwave/rave.NOTICE: Generating Reference Number.... [] []
[2020-11-22 01:36:11] flutterwave/rave.NOTICE: Generated Reference Number....BeUnique Academy_5fb9b27bb591e [] []
[2020-11-22 01:36:11] flutterwave/rave.NOTICE: Rave Class Initializes.... [] []
[2020-11-22 01:36:11] flutterwave/rave.NOTICE: Generating Checksum.... [] []
[2020-11-22 01:36:57] flutterwave/rave.NOTICE: Generating Reference Number.... [] []
[2020-11-22 01:36:57] flutterwave/rave.NOTICE: Generated Reference Number....BeUnique Academy_5fb9b2a9145e4 [] []
[2020-11-22 01:36:57] flutterwave/rave.NOTICE: Rave Class Initializes.... [] []
[2020-11-22 01:36:57] flutterwave/rave.NOTICE: Generating Checksum.... [] []
[2020-11-22 01:38:52] flutterwave/rave.NOTICE: Generating Reference Number.... [] []
[2020-11-22 01:38:52] flutterwave/rave.NOTICE: Generated Reference Number....BeUnique Academy_5fb9b31cb4cd3 [] []
[2020-11-22 01:38:52] flutterwave/rave.NOTICE: Rave Class Initializes.... [] []
[2020-11-22 01:38:52] flutterwave/rave.NOTICE: Generating Checksum.... [] []
[2020-11-22 01:42:06] flutterwave/rave.NOTICE: Generating Reference Number.... [] []
[2020-11-22 01:42:06] flutterwave/rave.NOTICE: Generated Reference Number....BeUnique Academy_5fb9b3ded8de2 [] []
[2020-11-22 01:42:06] flutterwave/rave.NOTICE: Rave Class Initializes.... [] []
[2020-11-22 01:42:06] flutterwave/rave.NOTICE: Generating Checksum.... [] []
[2020-11-22 01:42:24] flutterwave/rave.NOTICE: Generating Reference Number.... [] []
[2020-11-22 01:42:24] flutterwave/rave.NOTICE: Generated Reference Number....BeUnique Academy_5fb9b3f0c12e2 [] []
[2020-11-22 01:42:24] flutterwave/rave.NOTICE: Rave Class Initializes.... [] []
[2020-11-22 01:42:24] flutterwave/rave.NOTICE: Generating Checksum.... [] []
[2020-11-22 01:47:17] flutterwave/rave.NOTICE: Generating Reference Number.... [] []
[2020-11-22 01:47:17] flutterwave/rave.NOTICE: Generated Reference Number....MY_NAME_5a22a7f270abc8879 [] []
[2020-11-22 01:47:17] flutterwave/rave.NOTICE: Rave Class Initializes.... [] []
[2020-11-22 01:47:17] flutterwave/rave.NOTICE: Generating Checksum.... [] []
[2020-11-22 01:52:58] flutterwave/rave.NOTICE: Generating Reference Number.... [] []
[2020-11-22 01:52:58] flutterwave/rave.NOTICE: Generated Reference Number....BeUnique Academy_5fb9b66ae80b0 [] []
[2020-11-22 01:52:58] flutterwave/rave.NOTICE: Rave Class Initializes.... [] []
[2020-11-22 01:52:58] flutterwave/rave.NOTICE: Generating Checksum.... [] []
[2020-11-22 01:57:24] flutterwave/rave.NOTICE: Generating Reference Number.... [] []
[2020-11-22 01:57:24] flutterwave/rave.NOTICE: Generated Reference Number....BeUnique Academy_5fb9b77444ac6 [] []
[2020-11-22 01:57:24] flutterwave/rave.NOTICE: Rave Class Initializes.... [] []
[2020-11-22 01:57:24] flutterwave/rave.NOTICE: Generating Checksum.... [] []
[2020-11-22 01:58:13] flutterwave/rave.NOTICE: Generating Reference Number.... [] []
[2020-11-22 01:58:13] flutterwave/rave.NOTICE: Generated Reference Number....BeUnique Academy_5fb9b7a5d8baa [] []
[2020-11-22 01:58:13] flutterwave/rave.NOTICE: Rave Class Initializes.... [] []
[2020-11-22 01:58:13] flutterwave/rave.NOTICE: Payment completed. Now requerying payment. [] []
[2020-11-22 01:58:13] flutterwave/rave.NOTICE: Requerying Transaction....1715147 [] []
[2020-11-22 01:58:15] flutterwave/rave.NOTICE: Requeryed a successful transaction....{"id":1715147,"tx_ref":"BeUnique Academy_5fb9b77444ac6","flw_ref":"FLW-MOCK-f7f2382df794b06fafe9d25cd2b336c8","device_fingerprint":"f67a2e304549bf936d48590379861da6","amount":25000,"currency":"NGN","charged_amount":25000,"app_fee":350,"merchant_fee":0,"processor_response":"successful","auth_model":"PIN","ip":"105.112.102.248","narration":"CARD Transaction ","status":"successful","payment_type":"card","created_at":"2020-11-21T15:57:40.000Z","account_id":84850,"card":{"first_6digits":"553188","last_4digits":"2950","issuer":" CREDIT","country":"NIGERIA NG","type":"MASTERCARD","token":"flw-t1nf-cadf181fefb3cd67d4b4063ba4fc6c2a-m03k","expiry":"09\/32"},"meta":null,"amount_settled":24650,"customer":{"id":531523,"name":"Adeoye Elemide","phone_number":"+2348132021949","email":"elextechnologies4@gmail.com","created_at":"2020-11-21T15:57:40.000Z"}} [] []
[2020-11-22 01:59:09] flutterwave/rave.NOTICE: Generating Reference Number.... [] []
[2020-11-22 01:59:09] flutterwave/rave.NOTICE: Generated Reference Number....BeUnique Academy_5fb9b7ddb22d6 [] []
[2020-11-22 01:59:09] flutterwave/rave.NOTICE: Rave Class Initializes.... [] []
[2020-11-22 01:59:09] flutterwave/rave.NOTICE: Generating Checksum.... [] []
[2020-11-22 02:04:36] flutterwave/rave.NOTICE: Generating Reference Number.... [] []
[2020-11-22 02:04:36] flutterwave/rave.NOTICE: Generated Reference Number....BeUnique Academy_5fb9b92466a74 [] []
[2020-11-22 02:04:36] flutterwave/rave.NOTICE: Rave Class Initializes.... [] []
[2020-11-22 02:04:36] flutterwave/rave.NOTICE: Generating Checksum.... [] []
[2020-11-22 02:05:24] flutterwave/rave.NOTICE: Generating Reference Number.... [] []
[2020-11-22 02:05:24] flutterwave/rave.NOTICE: Generated Reference Number....BeUnique Academy_5fb9b9540497b [] []
[2020-11-22 02:05:24] flutterwave/rave.NOTICE: Rave Class Initializes.... [] []
[2020-11-22 02:05:24] flutterwave/rave.NOTICE: Payment completed. Now requerying payment. [] []
[2020-11-22 02:05:24] flutterwave/rave.NOTICE: Requerying Transaction....1715159 [] []
[2020-11-22 02:05:25] flutterwave/rave.NOTICE: Requeryed a successful transaction....{"id":1715159,"tx_ref":"BeUnique Academy_5fb9b92466a74","flw_ref":"FLW-MOCK-adfe7730599f0660c0cecb08e01985eb","device_fingerprint":"f67a2e304549bf936d48590379861da6","amount":45000,"currency":"NGN","charged_amount":45000,"app_fee":630,"merchant_fee":0,"processor_response":"successful","auth_model":"PIN","ip":"105.112.102.248","narration":"CARD Transaction ","status":"successful","payment_type":"card","created_at":"2020-11-21T16:04:58.000Z","account_id":84850,"card":{"first_6digits":"553188","last_4digits":"2950","issuer":" CREDIT","country":"NIGERIA NG","type":"MASTERCARD","token":"flw-t1nf-cadf181fefb3cd67d4b4063ba4fc6c2a-m03k","expiry":"09\/32"},"meta":null,"amount_settled":44370,"customer":{"id":531523,"name":"Adeoye Elemide","phone_number":"+2348132021949","email":"elextechnologies4@gmail.com","created_at":"2020-11-21T15:57:40.000Z"}} [] []
[2020-11-22 02:06:27] flutterwave/rave.NOTICE: Generating Reference Number.... [] []
[2020-11-22 02:06:27] flutterwave/rave.NOTICE: Generated Reference Number....BeUnique Academy_5fb9b9930a121 [] []
[2020-11-22 02:06:27] flutterwave/rave.NOTICE: Rave Class Initializes.... [] []
[2020-11-22 02:06:27] flutterwave/rave.NOTICE: Generating Checksum.... [] []
[2020-11-22 02:07:00] flutterwave/rave.NOTICE: Generating Reference Number.... [] []
[2020-11-22 02:07:00] flutterwave/rave.NOTICE: Generated Reference Number....BeUnique Academy_5fb9b9b4cafd4 [] []
[2020-11-22 02:07:00] flutterwave/rave.NOTICE: Rave Class Initializes.... [] []
[2020-11-22 02:07:00] flutterwave/rave.NOTICE: Payment completed. Now requerying payment. [] []
[2020-11-22 02:07:00] flutterwave/rave.NOTICE: Requerying Transaction....1715161 [] []
[2020-11-22 02:07:02] flutterwave/rave.NOTICE: Requeryed a successful transaction....{"id":1715161,"tx_ref":"BeUnique Academy_5fb9b9930a121","flw_ref":"FLW-MOCK-45bae127f83717eb628262b02d004a1d","device_fingerprint":"f67a2e304549bf936d48590379861da6","amount":25000,"currency":"NGN","charged_amount":25000,"app_fee":350,"merchant_fee":0,"processor_response":"successful","auth_model":"PIN","ip":"105.112.102.248","narration":"CARD Transaction ","status":"successful","payment_type":"card","created_at":"2020-11-21T16:06:37.000Z","account_id":84850,"card":{"first_6digits":"553188","last_4digits":"2950","issuer":" CREDIT","country":"NIGERIA NG","type":"MASTERCARD","token":"flw-t1nf-cadf181fefb3cd67d4b4063ba4fc6c2a-m03k","expiry":"09\/32"},"meta":null,"amount_settled":24650,"customer":{"id":531523,"name":"Adeoye Elemide","phone_number":"+2348132021949","email":"elextechnologies4@gmail.com","created_at":"2020-11-21T15:57:40.000Z"}} [] []
[2020-11-22 02:10:39] flutterwave/rave.NOTICE: Generating Reference Number.... [] []
[2020-11-22 02:10:39] flutterwave/rave.NOTICE: Generated Reference Number....BeUnique Academy_5fb9ba8f23d45 [] []
[2020-11-22 02:10:39] flutterwave/rave.NOTICE: Rave Class Initializes.... [] []
[2020-11-22 02:10:39] flutterwave/rave.NOTICE: Generating Checksum.... [] []
[2020-11-22 02:11:24] flutterwave/rave.NOTICE: Generating Reference Number.... [] []
[2020-11-22 02:11:24] flutterwave/rave.NOTICE: Generated Reference Number....BeUnique Academy_5fb9babc28b12 [] []
[2020-11-22 02:11:24] flutterwave/rave.NOTICE: Rave Class Initializes.... [] []
[2020-11-22 02:11:24] flutterwave/rave.NOTICE: Payment completed. Now requerying payment. [] []
[2020-11-22 02:11:24] flutterwave/rave.NOTICE: Requerying Transaction....1715170 [] []
[2020-11-22 02:11:25] flutterwave/rave.NOTICE: Requeryed a successful transaction....{"id":1715170,"tx_ref":"BeUnique Academy_5fb9ba8f23d45","flw_ref":"FLW-MOCK-9365382ccfbb1624796f169f2bb7b580","device_fingerprint":"f67a2e304549bf936d48590379861da6","amount":45000,"currency":"NGN","charged_amount":45000,"app_fee":630,"merchant_fee":0,"processor_response":"successful","auth_model":"PIN","ip":"105.112.102.248","narration":"CARD Transaction ","status":"successful","payment_type":"card","created_at":"2020-11-21T16:11:01.000Z","account_id":84850,"card":{"first_6digits":"553188","last_4digits":"2950","issuer":" CREDIT","country":"NIGERIA NG","type":"MASTERCARD","token":"flw-t1nf-cadf181fefb3cd67d4b4063ba4fc6c2a-m03k","expiry":"09\/32"},"meta":null,"amount_settled":44370,"customer":{"id":531523,"name":"Adeoye Elemide","phone_number":"+2348132021949","email":"elextechnologies4@gmail.com","created_at":"2020-11-21T15:57:40.000Z"}} [] []
[2020-11-22 02:12:08] flutterwave/rave.NOTICE: Generating Reference Number.... [] []
[2020-11-22 02:12:08] flutterwave/rave.NOTICE: Generated Reference Number....BeUnique Academy_5fb9bae84c4a6 [] []
[2020-11-22 02:12:08] flutterwave/rave.NOTICE: Rave Class Initializes.... [] []
[2020-11-22 02:12:08] flutterwave/rave.NOTICE: Generating Checksum.... [] []
[2020-11-22 02:12:40] flutterwave/rave.NOTICE: Generating Reference Number.... [] []
[2020-11-22 02:12:40] flutterwave/rave.NOTICE: Generated Reference Number....BeUnique Academy_5fb9bb084b6c6 [] []
[2020-11-22 02:12:40] flutterwave/rave.NOTICE: Rave Class Initializes.... [] []
[2020-11-22 02:12:40] flutterwave/rave.NOTICE: Payment completed. Now requerying payment. [] []
[2020-11-22 02:12:40] flutterwave/rave.NOTICE: Requerying Transaction....1715173 [] []
[2020-11-22 02:12:41] flutterwave/rave.NOTICE: Requeryed a successful transaction....{"id":1715173,"tx_ref":"BeUnique Academy_5fb9bae84c4a6","flw_ref":"FLW-MOCK-68b9bb51b7ed55404760354385989fe5","device_fingerprint":"f67a2e304549bf936d48590379861da6","amount":45000,"currency":"NGN","charged_amount":45000,"app_fee":630,"merchant_fee":0,"processor_response":"successful","auth_model":"PIN","ip":"105.112.102.248","narration":"CARD Transaction ","status":"successful","payment_type":"card","created_at":"2020-11-21T16:12:17.000Z","account_id":84850,"card":{"first_6digits":"553188","last_4digits":"2950","issuer":" CREDIT","country":"NIGERIA NG","type":"MASTERCARD","token":"flw-t1nf-cadf181fefb3cd67d4b4063ba4fc6c2a-m03k","expiry":"09\/32"},"meta":null,"amount_settled":44370,"customer":{"id":531523,"name":"Adeoye Elemide","phone_number":"+2348132021949","email":"elextechnologies4@gmail.com","created_at":"2020-11-21T15:57:40.000Z"}} [] []
[2020-11-22 02:15:36] flutterwave/rave.NOTICE: Generating Reference Number.... [] []
[2020-11-22 02:15:36] flutterwave/rave.NOTICE: Generated Reference Number....BeUnique Academy_5fb9bbb88ed3d [] []
[2020-11-22 02:15:36] flutterwave/rave.NOTICE: Rave Class Initializes.... [] []
[2020-11-22 02:15:36] flutterwave/rave.NOTICE: Generating Checksum.... [] []
[2020-11-22 02:16:11] flutterwave/rave.NOTICE: Generating Reference Number.... [] []
[2020-11-22 02:16:11] flutterwave/rave.NOTICE: Generated Reference Number....BeUnique Academy_5fb9bbdb50173 [] []
[2020-11-22 02:16:11] flutterwave/rave.NOTICE: Rave Class Initializes.... [] []
[2020-11-22 02:16:11] flutterwave/rave.NOTICE: Payment completed. Now requerying payment. [] []
[2020-11-22 02:16:11] flutterwave/rave.NOTICE: Requerying Transaction....1715175 [] []
[2020-11-22 02:16:12] flutterwave/rave.NOTICE: Requeryed a successful transaction....{"id":1715175,"tx_ref":"BeUnique Academy_5fb9bbb88ed3d","flw_ref":"FLW-MOCK-18cc521a4a6e3c53de82753f930e86bf","device_fingerprint":"f67a2e304549bf936d48590379861da6","amount":45000,"currency":"NGN","charged_amount":45000,"app_fee":630,"merchant_fee":0,"processor_response":"successful","auth_model":"PIN","ip":"105.112.102.248","narration":"CARD Transaction ","status":"successful","payment_type":"card","created_at":"2020-11-21T16:15:46.000Z","account_id":84850,"card":{"first_6digits":"553188","last_4digits":"2950","issuer":" CREDIT","country":"NIGERIA NG","type":"MASTERCARD","token":"flw-t1nf-cadf181fefb3cd67d4b4063ba4fc6c2a-m03k","expiry":"09\/32"},"meta":null,"amount_settled":44370,"customer":{"id":531523,"name":"Adeoye Elemide","phone_number":"+2348132021949","email":"elextechnologies4@gmail.com","created_at":"2020-11-21T15:57:40.000Z"}} [] []
[2020-11-22 02:17:53] flutterwave/rave.NOTICE: Generating Reference Number.... [] []
[2020-11-22 02:17:53] flutterwave/rave.NOTICE: Generated Reference Number....BeUnique Academy_5fb9bc41b98a2 [] []
[2020-11-22 02:17:53] flutterwave/rave.NOTICE: Rave Class Initializes.... [] []
[2020-11-22 02:17:53] flutterwave/rave.NOTICE: Generating Checksum.... [] []
[2020-11-22 02:18:26] flutterwave/rave.NOTICE: Generating Reference Number.... [] []
[2020-11-22 02:18:26] flutterwave/rave.NOTICE: Generated Reference Number....BeUnique Academy_5fb9bc62d1cdd [] []
[2020-11-22 02:18:26] flutterwave/rave.NOTICE: Rave Class Initializes.... [] []
[2020-11-22 02:18:26] flutterwave/rave.NOTICE: Payment completed. Now requerying payment. [] []
[2020-11-22 02:18:26] flutterwave/rave.NOTICE: Requerying Transaction....1715179 [] []
[2020-11-22 02:18:28] flutterwave/rave.NOTICE: Requeryed a successful transaction....{"id":1715179,"tx_ref":"BeUnique Academy_5fb9bc41b98a2","flw_ref":"FLW-MOCK-092cf182e3194c3e06706c8912aa91ba","device_fingerprint":"f67a2e304549bf936d48590379861da6","amount":45000,"currency":"NGN","charged_amount":45000,"app_fee":630,"merchant_fee":0,"processor_response":"successful","auth_model":"PIN","ip":"105.112.102.248","narration":"CARD Transaction ","status":"successful","payment_type":"card","created_at":"2020-11-21T16:18:04.000Z","account_id":84850,"card":{"first_6digits":"553188","last_4digits":"2950","issuer":" CREDIT","country":"NIGERIA NG","type":"MASTERCARD","token":"flw-t1nf-cadf181fefb3cd67d4b4063ba4fc6c2a-m03k","expiry":"09\/32"},"meta":null,"amount_settled":44370,"customer":{"id":531523,"name":"Adeoye Elemide","phone_number":"+2348132021949","email":"elextechnologies4@gmail.com","created_at":"2020-11-21T15:57:40.000Z"}} [] []
[2020-11-22 02:26:59] flutterwave/rave.NOTICE: Generating Reference Number.... [] []
[2020-11-22 02:26:59] flutterwave/rave.NOTICE: Generated Reference Number....BeUnique Academy_5fb9be636bf93 [] []
[2020-11-22 02:26:59] flutterwave/rave.NOTICE: Rave Class Initializes.... [] []
[2020-11-22 02:26:59] flutterwave/rave.NOTICE: Generating Checksum.... [] []
[2020-11-22 02:27:32] flutterwave/rave.NOTICE: Generating Reference Number.... [] []
[2020-11-22 02:27:32] flutterwave/rave.NOTICE: Generated Reference Number....BeUnique Academy_5fb9be841a100 [] []
[2020-11-22 02:27:32] flutterwave/rave.NOTICE: Rave Class Initializes.... [] []
[2020-11-22 02:27:32] flutterwave/rave.NOTICE: Payment completed. Now requerying payment. [] []
[2020-11-22 02:27:32] flutterwave/rave.NOTICE: Requerying Transaction....1715192 [] []
[2020-11-22 02:27:33] flutterwave/rave.NOTICE: Requeryed a successful transaction....{"id":1715192,"tx_ref":"BeUnique Academy_5fb9be636bf93","flw_ref":"FLW-MOCK-0793c32e203112822a24bef076139182","device_fingerprint":"f67a2e304549bf936d48590379861da6","amount":45000,"currency":"NGN","charged_amount":45000,"app_fee":630,"merchant_fee":0,"processor_response":"successful","auth_model":"PIN","ip":"105.112.102.248","narration":"CARD Transaction ","status":"successful","payment_type":"card","created_at":"2020-11-21T16:27:09.000Z","account_id":84850,"card":{"first_6digits":"553188","last_4digits":"2950","issuer":" CREDIT","country":"NIGERIA NG","type":"MASTERCARD","token":"flw-t1nf-cadf181fefb3cd67d4b4063ba4fc6c2a-m03k","expiry":"09\/32"},"meta":null,"amount_settled":44370,"customer":{"id":531523,"name":"Adeoye Elemide","phone_number":"+2348132021949","email":"elextechnologies4@gmail.com","created_at":"2020-11-21T15:57:40.000Z"}} [] []
[2020-11-22 02:40:42] flutterwave/rave.NOTICE: Generating Reference Number.... [] []
[2020-11-22 02:40:42] flutterwave/rave.NOTICE: Generated Reference Number....BeUnique Academy_5fb9c19acded7 [] []
[2020-11-22 02:40:42] flutterwave/rave.NOTICE: Rave Class Initializes.... [] []
[2020-11-22 02:40:42] flutterwave/rave.NOTICE: Generating Checksum.... [] []
[2020-11-22 02:41:18] flutterwave/rave.NOTICE: Generating Reference Number.... [] []
[2020-11-22 02:41:18] flutterwave/rave.NOTICE: Generated Reference Number....BeUnique Academy_5fb9c1bea0a38 [] []
[2020-11-22 02:41:18] flutterwave/rave.NOTICE: Rave Class Initializes.... [] []
[2020-11-22 02:41:18] flutterwave/rave.NOTICE: Payment completed. Now requerying payment. [] []
[2020-11-22 02:41:18] flutterwave/rave.NOTICE: Requerying Transaction....1715208 [] []
[2020-11-22 02:41:20] flutterwave/rave.NOTICE: Requeryed a successful transaction....{"id":1715208,"tx_ref":"BeUnique Academy_5fb9c19acded7","flw_ref":"FLW-MOCK-dcaae457ca68b814107f9c23366f5ebc","device_fingerprint":"f67a2e304549bf936d48590379861da6","amount":45000,"currency":"NGN","charged_amount":45000,"app_fee":630,"merchant_fee":0,"processor_response":"successful","auth_model":"PIN","ip":"105.112.102.248","narration":"CARD Transaction ","status":"successful","payment_type":"card","created_at":"2020-11-21T16:40:56.000Z","account_id":84850,"card":{"first_6digits":"553188","last_4digits":"2950","issuer":" CREDIT","country":"NIGERIA NG","type":"MASTERCARD","token":"flw-t1nf-cadf181fefb3cd67d4b4063ba4fc6c2a-m03k","expiry":"09\/32"},"meta":null,"amount_settled":44370,"customer":{"id":531523,"name":"Adeoye Elemide","phone_number":"+2348132021949","email":"elextechnologies4@gmail.com","created_at":"2020-11-21T15:57:40.000Z"}} [] []
[2020-11-22 02:49:34] flutterwave/rave.NOTICE: Generating Reference Number.... [] []
[2020-11-22 02:49:34] flutterwave/rave.NOTICE: Generated Reference Number....BeUnique Academy_5fb9c3ae5598e [] []
[2020-11-22 02:49:34] flutterwave/rave.NOTICE: Rave Class Initializes.... [] []
[2020-11-22 02:49:34] flutterwave/rave.NOTICE: Generating Checksum.... [] []
[2020-11-22 02:50:12] flutterwave/rave.NOTICE: Generating Reference Number.... [] []
[2020-11-22 02:50:12] flutterwave/rave.NOTICE: Generated Reference Number....BeUnique Academy_5fb9c3d45e824 [] []
[2020-11-22 02:50:12] flutterwave/rave.NOTICE: Rave Class Initializes.... [] []
[2020-11-22 02:50:12] flutterwave/rave.NOTICE: Generating Checksum.... [] []
[2020-11-22 02:50:49] flutterwave/rave.NOTICE: Generating Reference Number.... [] []
[2020-11-22 02:50:49] flutterwave/rave.NOTICE: Generated Reference Number....BeUnique Academy_5fb9c3f92b8be [] []
[2020-11-22 02:50:49] flutterwave/rave.NOTICE: Rave Class Initializes.... [] []
[2020-11-22 02:50:49] flutterwave/rave.NOTICE: Payment completed. Now requerying payment. [] []
[2020-11-22 02:50:49] flutterwave/rave.NOTICE: Requerying Transaction....1715227 [] []
[2020-11-22 02:50:50] flutterwave/rave.NOTICE: Requeryed a successful transaction....{"id":1715227,"tx_ref":"BeUnique Academy_5fb9c3d45e824","flw_ref":"FLW-MOCK-317526840dc2afa2b4d89ed6edb99d06","device_fingerprint":"f67a2e304549bf936d48590379861da6","amount":45000,"currency":"NGN","charged_amount":45000,"app_fee":630,"merchant_fee":0,"processor_response":"successful","auth_model":"PIN","ip":"105.112.102.248","narration":"CARD Transaction ","status":"successful","payment_type":"card","created_at":"2020-11-21T16:50:27.000Z","account_id":84850,"card":{"first_6digits":"553188","last_4digits":"2950","issuer":" CREDIT","country":"NIGERIA NG","type":"MASTERCARD","token":"flw-t1nf-cadf181fefb3cd67d4b4063ba4fc6c2a-m03k","expiry":"09\/32"},"meta":null,"amount_settled":44370,"customer":{"id":531523,"name":"Adeoye Elemide","phone_number":"+2348132021949","email":"elextechnologies4@gmail.com","created_at":"2020-11-21T15:57:40.000Z"}} [] []
[2020-11-22 02:53:22] flutterwave/rave.NOTICE: Generating Reference Number.... [] []
[2020-11-22 02:53:22] flutterwave/rave.NOTICE: Generated Reference Number....BeUnique Academy_5fb9c4921eb67 [] []
[2020-11-22 02:53:22] flutterwave/rave.NOTICE: Rave Class Initializes.... [] []
[2020-11-22 02:53:22] flutterwave/rave.NOTICE: Generating Checksum.... [] []
[2020-11-22 02:54:00] flutterwave/rave.NOTICE: Generating Reference Number.... [] []
[2020-11-22 02:54:00] flutterwave/rave.NOTICE: Generated Reference Number....BeUnique Academy_5fb9c4b80de1d [] []
[2020-11-22 02:54:00] flutterwave/rave.NOTICE: Rave Class Initializes.... [] []
[2020-11-22 02:54:00] flutterwave/rave.NOTICE: Payment completed. Now requerying payment. [] []
[2020-11-22 02:54:00] flutterwave/rave.NOTICE: Requerying Transaction....1715230 [] []
[2020-11-22 02:54:01] flutterwave/rave.NOTICE: Requeryed a successful transaction....{"id":1715230,"tx_ref":"BeUnique Academy_5fb9c4921eb67","flw_ref":"FLW-MOCK-db3f5aab3108e25abc3463f87f563a28","device_fingerprint":"f67a2e304549bf936d48590379861da6","amount":45000,"currency":"NGN","charged_amount":45000,"app_fee":630,"merchant_fee":0,"processor_response":"successful","auth_model":"PIN","ip":"105.112.102.248","narration":"CARD Transaction ","status":"successful","payment_type":"card","created_at":"2020-11-21T16:53:37.000Z","account_id":84850,"card":{"first_6digits":"553188","last_4digits":"2950","issuer":" CREDIT","country":"NIGERIA NG","type":"MASTERCARD","token":"flw-t1nf-cadf181fefb3cd67d4b4063ba4fc6c2a-m03k","expiry":"09\/32"},"meta":null,"amount_settled":44370,"customer":{"id":531523,"name":"Adeoye Elemide","phone_number":"+2348132021949","email":"elextechnologies4@gmail.com","created_at":"2020-11-21T15:57:40.000Z"}} [] []
[2020-11-22 02:54:21] flutterwave/rave.NOTICE: Generating Reference Number.... [] []
[2020-11-22 02:54:21] flutterwave/rave.NOTICE: Generated Reference Number....BeUnique Academy_5fb9c4cdedefd [] []
[2020-11-22 02:54:21] flutterwave/rave.NOTICE: Rave Class Initializes.... [] []
[2020-11-22 02:54:21] flutterwave/rave.NOTICE: Generating Checksum.... [] []
[2020-11-22 02:54:57] flutterwave/rave.NOTICE: Generating Reference Number.... [] []
[2020-11-22 02:54:57] flutterwave/rave.NOTICE: Generated Reference Number....BeUnique Academy_5fb9c4f1d1bd6 [] []
[2020-11-22 02:54:57] flutterwave/rave.NOTICE: Rave Class Initializes.... [] []
[2020-11-22 02:54:57] flutterwave/rave.NOTICE: Payment completed. Now requerying payment. [] []
[2020-11-22 02:54:57] flutterwave/rave.NOTICE: Requerying Transaction....1715232 [] []
[2020-11-22 02:54:59] flutterwave/rave.NOTICE: Requeryed a successful transaction....{"id":1715232,"tx_ref":"BeUnique Academy_5fb9c4cdedefd","flw_ref":"FLW-MOCK-e2968d752ab320bc213e400984339847","device_fingerprint":"f67a2e304549bf936d48590379861da6","amount":25000,"currency":"NGN","charged_amount":25000,"app_fee":350,"merchant_fee":0,"processor_response":"successful","auth_model":"PIN","ip":"105.112.102.248","narration":"CARD Transaction ","status":"successful","payment_type":"card","created_at":"2020-11-21T16:54:34.000Z","account_id":84850,"card":{"first_6digits":"553188","last_4digits":"2950","issuer":" CREDIT","country":"NIGERIA NG","type":"MASTERCARD","token":"flw-t1nf-cadf181fefb3cd67d4b4063ba4fc6c2a-m03k","expiry":"09\/32"},"meta":null,"amount_settled":24650,"customer":{"id":531523,"name":"Adeoye Elemide","phone_number":"+2348132021949","email":"elextechnologies4@gmail.com","created_at":"2020-11-21T15:57:40.000Z"}} [] []
[2020-11-22 03:02:24] flutterwave/rave.NOTICE: Generating Reference Number.... [] []
[2020-11-22 03:02:24] flutterwave/rave.NOTICE: Generated Reference Number....BeUnique Academy_5fb9c6b0ae376 [] []
[2020-11-22 03:02:24] flutterwave/rave.NOTICE: Rave Class Initializes.... [] []
[2020-11-22 03:02:24] flutterwave/rave.NOTICE: Generating Checksum.... [] []
[2020-11-22 03:02:55] flutterwave/rave.NOTICE: Generating Reference Number.... [] []
[2020-11-22 03:02:58] flutterwave/rave.NOTICE: Generated Reference Number....BeUnique Academy_5fb9c6d237f47 [] []
[2020-11-22 03:02:58] flutterwave/rave.NOTICE: Rave Class Initializes.... [] []
[2020-11-22 03:02:58] flutterwave/rave.NOTICE: Generating Checksum.... [] []
[2020-11-22 03:03:31] flutterwave/rave.NOTICE: Generating Reference Number.... [] []
[2020-11-22 03:03:31] flutterwave/rave.NOTICE: Generated Reference Number....BeUnique Academy_5fb9c6f3ddc47 [] []
[2020-11-22 03:03:31] flutterwave/rave.NOTICE: Rave Class Initializes.... [] []
[2020-11-22 03:03:31] flutterwave/rave.NOTICE: Payment completed. Now requerying payment. [] []
[2020-11-22 03:03:31] flutterwave/rave.NOTICE: Requerying Transaction....1715242 [] []
[2020-11-22 03:03:33] flutterwave/rave.NOTICE: Requeryed a successful transaction....{"id":1715242,"tx_ref":"BeUnique Academy_5fb9c6d237f47","flw_ref":"FLW-MOCK-de69168bfa7af3c453c0db4230a07ba2","device_fingerprint":"f67a2e304549bf936d48590379861da6","amount":45000,"currency":"NGN","charged_amount":45000,"app_fee":630,"merchant_fee":0,"processor_response":"successful","auth_model":"PIN","ip":"105.112.102.248","narration":"CARD Transaction ","status":"successful","payment_type":"card","created_at":"2020-11-21T17:03:08.000Z","account_id":84850,"card":{"first_6digits":"553188","last_4digits":"2950","issuer":" CREDIT","country":"NIGERIA NG","type":"MASTERCARD","token":"flw-t1nf-cadf181fefb3cd67d4b4063ba4fc6c2a-m03k","expiry":"09\/32"},"meta":null,"amount_settled":44370,"customer":{"id":531523,"name":"Adeoye Elemide","phone_number":"+2348132021949","email":"elextechnologies4@gmail.com","created_at":"2020-11-21T15:57:40.000Z"}} [] []
[2020-11-22 03:04:59] flutterwave/rave.NOTICE: Generating Reference Number.... [] []
[2020-11-22 03:04:59] flutterwave/rave.NOTICE: Generated Reference Number....BeUnique Academy_5fb9c74bc50fd [] []
[2020-11-22 03:04:59] flutterwave/rave.NOTICE: Rave Class Initializes.... [] []
[2020-11-22 03:04:59] flutterwave/rave.NOTICE: Generating Checksum.... [] []
[2020-11-22 03:05:24] flutterwave/rave.NOTICE: Generating Reference Number.... [] []
[2020-11-22 03:05:24] flutterwave/rave.NOTICE: Generated Reference Number....BeUnique Academy_5fb9c7643669e [] []
[2020-11-22 03:05:24] flutterwave/rave.NOTICE: Rave Class Initializes.... [] []
[2020-11-22 03:05:24] flutterwave/rave.NOTICE: Payment was canceled by user..BeUnique Academy_5fb9c7643669e [] []
[2020-11-22 03:13:14] flutterwave/rave.NOTICE: Generating Reference Number.... [] []
[2020-11-22 03:13:14] flutterwave/rave.NOTICE: Generated Reference Number....BeUnique Academy_5fb9c93a35843 [] []
[2020-11-22 03:13:14] flutterwave/rave.NOTICE: Rave Class Initializes.... [] []
[2020-11-22 03:13:14] flutterwave/rave.NOTICE: Payment completed. Now requerying payment. [] []
[2020-11-22 03:13:14] flutterwave/rave.NOTICE: Requerying Transaction....1715255 [] []
[2020-11-22 03:13:15] flutterwave/rave.NOTICE: Requeryed a successful transaction....{"id":1715255,"tx_ref":"BeUnique Academy_5fbb1a90b7fd2","flw_ref":"FLW053751605978770188","device_fingerprint":"f67a2e304549bf936d48590379861da6","amount":25000,"currency":"NGN","charged_amount":25000,"app_fee":2000,"merchant_fee":0,"processor_response":"Transaction Successful","auth_model":"USSD","ip":"105.112.102.248","narration":"ADEUNIQUE ENTERPRISE","status":"successful","payment_type":"ussd","created_at":"2020-11-21T17:12:48.000Z","account_id":84850,"meta":null,"amount_settled":23000,"customer":{"id":531523,"name":"Adeoye Elemide","phone_number":"+2348132021949","email":"elextechnologies4@gmail.com","created_at":"2020-11-21T15:57:40.000Z"}} [] []
[2020-11-22 03:17:29] flutterwave/rave.NOTICE: Generating Reference Number.... [] []
[2020-11-22 03:17:29] flutterwave/rave.NOTICE: Generated Reference Number....BeUnique Academy_5fb9ca39ab14c [] []
[2020-11-22 03:17:29] flutterwave/rave.NOTICE: Rave Class Initializes.... [] []
[2020-11-22 03:17:29] flutterwave/rave.NOTICE: Generating Checksum.... [] []
[2020-11-22 03:18:22] flutterwave/rave.NOTICE: Generating Reference Number.... [] []
[2020-11-22 03:18:22] flutterwave/rave.NOTICE: Generated Reference Number....BeUnique Academy_5fb9ca6eb8823 [] []
[2020-11-22 03:18:22] flutterwave/rave.NOTICE: Rave Class Initializes.... [] []
[2020-11-22 03:18:22] flutterwave/rave.NOTICE: Payment completed. Now requerying payment. [] []
[2020-11-22 03:18:22] flutterwave/rave.NOTICE: Requerying Transaction....1715261 [] []
[2020-11-22 03:18:24] flutterwave/rave.NOTICE: Requeryed a successful transaction....{"id":1715261,"tx_ref":"BeUnique Academy_5fb9ca39ab14c","flw_ref":"FLW-MOCK-6dde025cca47501c776f5d42ee4d7e6b","device_fingerprint":"f67a2e304549bf936d48590379861da6","amount":40000,"currency":"NGN","charged_amount":40000,"app_fee":560,"merchant_fee":0,"processor_response":"successful","auth_model":"PIN","ip":"105.112.102.248","narration":"CARD Transaction ","status":"successful","payment_type":"card","created_at":"2020-11-21T17:18:07.000Z","account_id":84850,"card":{"first_6digits":"553188","last_4digits":"2950","issuer":" CREDIT","country":"NIGERIA NG","type":"MASTERCARD","token":"flw-t1nf-cadf181fefb3cd67d4b4063ba4fc6c2a-m03k","expiry":"09\/32"},"meta":null,"amount_settled":39440,"customer":{"id":531523,"name":"Adeoye Elemide","phone_number":"+2348132021949","email":"elextechnologies4@gmail.com","created_at":"2020-11-21T15:57:40.000Z"}} [] []
[2020-11-22 03:20:28] flutterwave/rave.NOTICE: Generating Reference Number.... [] []
[2020-11-22 03:20:28] flutterwave/rave.NOTICE: Generated Reference Number....BeUnique Academy_5fb9caec305fe [] []
[2020-11-22 03:20:28] flutterwave/rave.NOTICE: Rave Class Initializes.... [] []
[2020-11-22 03:20:28] flutterwave/rave.NOTICE: Generating Checksum.... [] []
[2020-11-22 03:21:07] flutterwave/rave.NOTICE: Generating Reference Number.... [] []
[2020-11-22 03:21:07] flutterwave/rave.NOTICE: Generated Reference Number....BeUnique Academy_5fb9cb13cb137 [] []
[2020-11-22 03:21:07] flutterwave/rave.NOTICE: Rave Class Initializes.... [] []
[2020-11-22 03:21:07] flutterwave/rave.NOTICE: Payment completed. Now requerying payment. [] []
[2020-11-22 03:21:07] flutterwave/rave.NOTICE: Requerying Transaction....1715268 [] []
[2020-11-22 03:21:09] flutterwave/rave.NOTICE: Requeryed a successful transaction....{"id":1715268,"tx_ref":"BeUnique Academy_5fb9caec305fe","flw_ref":"FLW992711605979243592","device_fingerprint":"f67a2e304549bf936d48590379861da6","amount":45000,"currency":"NGN","charged_amount":45000,"app_fee":2000,"merchant_fee":0,"processor_response":"Transaction Successful","auth_model":"USSD","ip":"105.112.102.248","narration":"ADEUNIQUE ENTERPRISE","status":"successful","payment_type":"ussd","created_at":"2020-11-21T17:20:42.000Z","account_id":84850,"meta":null,"amount_settled":43000,"customer":{"id":531523,"name":"Adeoye Elemide","phone_number":"+2348132021949","email":"elextechnologies4@gmail.com","created_at":"2020-11-21T15:57:40.000Z"}} [] []
[2020-11-22 03:29:05] flutterwave/rave.NOTICE: Generating Reference Number.... [] []
[2020-11-22 03:29:05] flutterwave/rave.NOTICE: Generated Reference Number....BeUnique Academy_5fb9ccf119cf4 [] []
[2020-11-22 03:29:05] flutterwave/rave.NOTICE: Rave Class Initializes.... [] []
[2020-11-22 03:29:05] flutterwave/rave.NOTICE: Generating Checksum.... [] []
[2020-11-22 03:29:49] flutterwave/rave.NOTICE: Generating Reference Number.... [] []
[2020-11-22 03:29:49] flutterwave/rave.NOTICE: Generated Reference Number....BeUnique Academy_5fb9cd1dded95 [] []
[2020-11-22 03:29:49] flutterwave/rave.NOTICE: Rave Class Initializes.... [] []
[2020-11-22 03:29:49] flutterwave/rave.NOTICE: Payment completed. Now requerying payment. [] []
[2020-11-22 03:29:49] flutterwave/rave.NOTICE: Requerying Transaction....1715277 [] []
[2020-11-22 03:29:51] flutterwave/rave.NOTICE: Requeryed a successful transaction....{"id":1715277,"tx_ref":"BeUnique Academy_5fb9ccf119cf4","flw_ref":"FLW-MOCK-535ae8eb64f1fc3f124a29f530bd1fa9","device_fingerprint":"f67a2e304549bf936d48590379861da6","amount":40000,"currency":"NGN","charged_amount":40000,"app_fee":560,"merchant_fee":0,"processor_response":"successful","auth_model":"PIN","ip":"105.112.102.248","narration":"CARD Transaction ","status":"successful","payment_type":"card","created_at":"2020-11-21T17:29:33.000Z","account_id":84850,"card":{"first_6digits":"553188","last_4digits":"2950","issuer":" CREDIT","country":"NIGERIA NG","type":"MASTERCARD","token":"flw-t1nf-cadf181fefb3cd67d4b4063ba4fc6c2a-m03k","expiry":"09\/32"},"meta":null,"amount_settled":39440,"customer":{"id":531523,"name":"Adeoye Elemide","phone_number":"+2348132021949","email":"elextechnologies4@gmail.com","created_at":"2020-11-21T15:57:40.000Z"}} [] []
[2020-11-22 03:33:10] flutterwave/rave.NOTICE: Generating Reference Number.... [] []
[2020-11-22 03:33:10] flutterwave/rave.NOTICE: Generated Reference Number....BeUnique Academy_5fb9cde6a5d5a [] []
[2020-11-22 03:33:10] flutterwave/rave.NOTICE: Rave Class Initializes.... [] []
[2020-11-22 03:33:10] flutterwave/rave.NOTICE: Generating Checksum.... [] []
[2020-11-22 03:33:55] flutterwave/rave.NOTICE: Generating Reference Number.... [] []
[2020-11-22 03:33:55] flutterwave/rave.NOTICE: Generated Reference Number....BeUnique Academy_5fb9ce1376a8a [] []
[2020-11-22 03:33:55] flutterwave/rave.NOTICE: Rave Class Initializes.... [] []
[2020-11-22 03:33:55] flutterwave/rave.NOTICE: Payment completed. Now requerying payment. [] []
[2020-11-22 03:33:55] flutterwave/rave.NOTICE: Requerying Transaction....1715280 [] []
[2020-11-22 03:33:56] flutterwave/rave.NOTICE: Requeryed a successful transaction....{"id":1715280,"tx_ref":"BeUnique Academy_5fb9cde6a5d5a","flw_ref":"FLW824641605980011776","device_fingerprint":"f67a2e304549bf936d48590379861da6","amount":25000,"currency":"NGN","charged_amount":25000,"app_fee":2000,"merchant_fee":0,"processor_response":"Transaction Successful","auth_model":"USSD","ip":"105.112.102.248","narration":"ADEUNIQUE ENTERPRISE","status":"successful","payment_type":"ussd","created_at":"2020-11-21T17:33:30.000Z","account_id":84850,"meta":null,"amount_settled":23000,"customer":{"id":531523,"name":"Adeoye Elemide","phone_number":"+2348132021949","email":"elextechnologies4@gmail.com","created_at":"2020-11-21T15:57:40.000Z"}} [] []
[2020-11-22 03:35:55] flutterwave/rave.NOTICE: Generating Reference Number.... [] []
[2020-11-22 03:35:55] flutterwave/rave.NOTICE: Generated Reference Number....BeUnique Academy_5fb9ce8ba1231 [] []
[2020-11-22 03:35:55] flutterwave/rave.NOTICE: Rave Class Initializes.... [] []
[2020-11-22 03:35:55] flutterwave/rave.NOTICE: Generating Checksum.... [] []
[2020-11-22 03:36:50] flutterwave/rave.NOTICE: Generating Reference Number.... [] []
[2020-11-22 03:36:51] flutterwave/rave.NOTICE: Generated Reference Number....BeUnique Academy_5fb9cec304310 [] []
[2020-11-22 03:36:51] flutterwave/rave.NOTICE: Rave Class Initializes.... [] []
[2020-11-22 03:36:51] flutterwave/rave.NOTICE: Payment completed. Now requerying payment. [] []
[2020-11-22 03:36:51] flutterwave/rave.NOTICE: Requerying Transaction....1715283 [] []
[2020-11-22 03:36:52] flutterwave/rave.NOTICE: Requeryed a successful transaction....{"id":1715283,"tx_ref":"BeUnique Academy_5fb9ce8ba1231","flw_ref":"FLW-MOCK-f8ed4546ec5139ecdd36960ea6cd7c31","device_fingerprint":"f67a2e304549bf936d48590379861da6","amount":45000,"currency":"NGN","charged_amount":45000,"app_fee":630,"merchant_fee":0,"processor_response":"successful","auth_model":"PIN","ip":"105.112.102.248","narration":"CARD Transaction ","status":"successful","payment_type":"card","created_at":"2020-11-21T17:36:23.000Z","account_id":84850,"card":{"first_6digits":"553188","last_4digits":"2950","issuer":" CREDIT","country":"NIGERIA NG","type":"MASTERCARD","token":"flw-t1nf-cadf181fefb3cd67d4b4063ba4fc6c2a-m03k","expiry":"09\/32"},"meta":null,"amount_settled":44370,"customer":{"id":531523,"name":"Adeoye Elemide","phone_number":"+2348132021949","email":"elextechnologies4@gmail.com","created_at":"2020-11-21T15:57:40.000Z"}} [] []
[2020-11-22 20:54:19] flutterwave/rave.NOTICE: Generating Reference Number.... [] []
[2020-11-22 20:54:19] flutterwave/rave.NOTICE: Generated Reference Number....BeUnique Academy_5fbac1eb29695 [] []
[2020-11-22 20:54:19] flutterwave/rave.NOTICE: Rave Class Initializes.... [] []
[2020-11-22 20:54:19] flutterwave/rave.NOTICE: Generating Checksum.... [] []
[2020-11-22 21:06:56] flutterwave/rave.NOTICE: Generating Reference Number.... [] []
[2020-11-22 21:06:56] flutterwave/rave.NOTICE: Generated Reference Number....BeUnique Academy_5fbac4e0c79e9 [] []
[2020-11-22 21:06:56] flutterwave/rave.NOTICE: Rave Class Initializes.... [] []
[2020-11-22 21:06:56] flutterwave/rave.NOTICE: Generating Checksum.... [] []
[2020-11-22 21:30:57] flutterwave/rave.NOTICE: Generating Reference Number.... [] []
[2020-11-22 21:30:57] flutterwave/rave.NOTICE: Generated Reference Number....BeUnique Academy_5fbaca81b3bd8 [] []
[2020-11-22 21:30:57] flutterwave/rave.NOTICE: Rave Class Initializes.... [] []
[2020-11-22 21:30:57] flutterwave/rave.NOTICE: Generating Checksum.... [] []
[2020-11-22 21:41:43] flutterwave/rave.NOTICE: Generating Reference Number.... [] []
[2020-11-22 21:41:43] flutterwave/rave.NOTICE: Generated Reference Number....BeUnique Academy_5fbacd079bb50 [] []
[2020-11-22 21:41:43] flutterwave/rave.NOTICE: Rave Class Initializes.... [] []
[2020-11-22 21:41:43] flutterwave/rave.NOTICE: Generating Checksum.... [] []
[2020-11-22 21:42:27] flutterwave/rave.NOTICE: Generating Reference Number.... [] []
[2020-11-22 21:42:27] flutterwave/rave.NOTICE: Generated Reference Number....BeUnique Academy_5fbacd33c6fdb [] []
[2020-11-22 21:42:27] flutterwave/rave.NOTICE: Rave Class Initializes.... [] []
[2020-11-22 21:42:27] flutterwave/rave.NOTICE: Payment completed. Now requerying payment. [] []
[2020-11-22 21:42:27] flutterwave/rave.NOTICE: Requerying Transaction....1716597 [] []
[2020-11-22 21:42:29] flutterwave/rave.NOTICE: Requeryed a successful transaction....{"id":1716597,"tx_ref":"BeUnique Academy_5fbacd079bb50","flw_ref":"FLW-MOCK-d9b347994eebaef94d0c06d2614727cf","device_fingerprint":"f67a2e304549bf936d48590379861da6","amount":25000,"currency":"NGN","charged_amount":25000,"app_fee":350,"merchant_fee":0,"processor_response":"successful","auth_model":"PIN","ip":"102.89.0.63","narration":"CARD Transaction ","status":"successful","payment_type":"card","created_at":"2020-11-22T11:42:33.000Z","account_id":84850,"card":{"first_6digits":"553188","last_4digits":"2950","issuer":" CREDIT","country":"NIGERIA NG","type":"MASTERCARD","token":"flw-t1nf-cadf181fefb3cd67d4b4063ba4fc6c2a-m03k","expiry":"09\/32"},"meta":null,"amount_settled":24650,"customer":{"id":531523,"name":"Adeoye Elemide","phone_number":"+2348132021949","email":"elextechnologies4@gmail.com","created_at":"2020-11-21T15:57:40.000Z"}} [] []
[2020-11-22 21:50:24] flutterwave/rave.NOTICE: Generating Reference Number.... [] []
[2020-11-22 21:50:24] flutterwave/rave.NOTICE: Generated Reference Number....BeUnique Academy_5fbacf108fdba [] []
[2020-11-22 21:50:24] flutterwave/rave.NOTICE: Rave Class Initializes.... [] []
[2020-11-22 21:50:24] flutterwave/rave.NOTICE: Generating Checksum.... [] []
[2020-11-22 21:54:57] flutterwave/rave.NOTICE: Generating Reference Number.... [] []
[2020-11-22 21:54:57] flutterwave/rave.NOTICE: Generated Reference Number....BeUnique Academy_5fbad021e5c79 [] []
[2020-11-22 21:54:57] flutterwave/rave.NOTICE: Rave Class Initializes.... [] []
[2020-11-22 21:54:57] flutterwave/rave.NOTICE: Payment completed. Now requerying payment. [] []
[2020-11-22 21:54:57] flutterwave/rave.NOTICE: Requerying Transaction....1716616 [] []
[2020-11-22 21:54:59] flutterwave/rave.NOTICE: Requeryed a successful transaction....{"id":1716616,"tx_ref":"BeUnique Academy_5fbacf108fdba","flw_ref":"FLW-MOCK-8034d43b1f61f8d27360d392c642fef9","device_fingerprint":"f67a2e304549bf936d48590379861da6","amount":25000,"currency":"NGN","charged_amount":25000,"app_fee":350,"merchant_fee":0,"processor_response":"successful","auth_model":"PIN","ip":"102.89.0.228","narration":"CARD Transaction ","status":"successful","payment_type":"card","created_at":"2020-11-22T11:51:10.000Z","account_id":84850,"card":{"first_6digits":"553188","last_4digits":"2950","issuer":" CREDIT","country":"NIGERIA NG","type":"MASTERCARD","token":"flw-t1nf-cadf181fefb3cd67d4b4063ba4fc6c2a-m03k","expiry":"09\/32"},"meta":null,"amount_settled":24650,"customer":{"id":531523,"name":"Adeoye Elemide","phone_number":"+2348132021949","email":"elextechnologies4@gmail.com","created_at":"2020-11-21T15:57:40.000Z"}} [] []
[2020-11-22 21:56:40] flutterwave/rave.NOTICE: Generating Reference Number.... [] []
[2020-11-22 21:56:40] flutterwave/rave.NOTICE: Generated Reference Number....BeUnique Academy_5fbad088e5e3c [] []
[2020-11-22 21:56:40] flutterwave/rave.NOTICE: Rave Class Initializes.... [] []
[2020-11-22 21:56:40] flutterwave/rave.NOTICE: Payment completed. Now requerying payment. [] []
[2020-11-22 21:56:40] flutterwave/rave.NOTICE: Requerying Transaction....1716616 [] []
[2020-11-22 21:56:42] flutterwave/rave.NOTICE: Requeryed a successful transaction....{"id":1716616,"tx_ref":"BeUnique Academy_5fbacf108fdba","flw_ref":"FLW-MOCK-8034d43b1f61f8d27360d392c642fef9","device_fingerprint":"f67a2e304549bf936d48590379861da6","amount":25000,"currency":"NGN","charged_amount":25000,"app_fee":350,"merchant_fee":0,"processor_response":"successful","auth_model":"PIN","ip":"102.89.0.228","narration":"CARD Transaction ","status":"successful","payment_type":"card","created_at":"2020-11-22T11:51:10.000Z","account_id":84850,"card":{"first_6digits":"553188","last_4digits":"2950","issuer":" CREDIT","country":"NIGERIA NG","type":"MASTERCARD","token":"flw-t1nf-cadf181fefb3cd67d4b4063ba4fc6c2a-m03k","expiry":"09\/32"},"meta":null,"amount_settled":24650,"customer":{"id":531523,"name":"Adeoye Elemide","phone_number":"+2348132021949","email":"elextechnologies4@gmail.com","created_at":"2020-11-21T15:57:40.000Z"}} [] []
[2020-11-22 22:03:09] flutterwave/rave.NOTICE: Generating Reference Number.... [] []
[2020-11-22 22:03:09] flutterwave/rave.NOTICE: Generated Reference Number....BeUnique Academy_5fbad20d8b99d [] []
[2020-11-22 22:03:09] flutterwave/rave.NOTICE: Rave Class Initializes.... [] []
[2020-11-22 22:03:09] flutterwave/rave.NOTICE: Generating Checksum.... [] []
[2020-11-22 22:03:53] flutterwave/rave.NOTICE: Generating Reference Number.... [] []
[2020-11-22 22:03:53] flutterwave/rave.NOTICE: Generated Reference Number....BeUnique Academy_5fbad239097be [] []
[2020-11-22 22:03:53] flutterwave/rave.NOTICE: Rave Class Initializes.... [] []
[2020-11-22 22:03:53] flutterwave/rave.NOTICE: Payment completed. Now requerying payment. [] []
[2020-11-22 22:03:53] flutterwave/rave.NOTICE: Requerying Transaction....1716630 [] []
[2020-11-22 22:03:54] flutterwave/rave.NOTICE: Requeryed a successful transaction....{"id":1716630,"tx_ref":"BeUnique Academy_5fbad20d8b99d","flw_ref":"FLW-MOCK-8a1203f9810111d2af9c3da5cd8ee19c","device_fingerprint":"f67a2e304549bf936d48590379861da6","amount":25000,"currency":"NGN","charged_amount":25000,"app_fee":350,"merchant_fee":0,"processor_response":"successful","auth_model":"PIN","ip":"102.89.1.71","narration":"CARD Transaction ","status":"successful","payment_type":"card","created_at":"2020-11-22T12:03:57.000Z","account_id":84850,"card":{"first_6digits":"553188","last_4digits":"2950","issuer":" CREDIT","country":"NIGERIA NG","type":"MASTERCARD","token":"flw-t1nf-cadf181fefb3cd67d4b4063ba4fc6c2a-m03k","expiry":"09\/32"},"meta":null,"amount_settled":24650,"customer":{"id":531523,"name":"Adeoye Elemide","phone_number":"+2348132021949","email":"elextechnologies4@gmail.com","created_at":"2020-11-21T15:57:40.000Z"}} [] []
[2020-11-22 22:05:57] flutterwave/rave.NOTICE: Generating Reference Number.... [] []
[2020-11-22 22:05:57] flutterwave/rave.NOTICE: Generated Reference Number....BeUnique Academy_5fbad2b5a73f4 [] []
[2020-11-22 22:05:57] flutterwave/rave.NOTICE: Rave Class Initializes.... [] []
[2020-11-22 22:05:57] flutterwave/rave.NOTICE: Generating Checksum.... [] []
[2020-11-22 22:07:29] flutterwave/rave.NOTICE: Generating Reference Number.... [] []
[2020-11-22 22:07:29] flutterwave/rave.NOTICE: Generated Reference Number....BeUnique Academy_5fbad31157eea [] []
[2020-11-22 22:07:29] flutterwave/rave.NOTICE: Rave Class Initializes.... [] []
[2020-11-22 22:07:29] flutterwave/rave.NOTICE: Payment completed. Now requerying payment. [] []
[2020-11-22 22:07:29] flutterwave/rave.NOTICE: Requerying Transaction....1716633 [] []
[2020-11-22 22:07:30] flutterwave/rave.NOTICE: Requeryed a successful transaction....{"id":1716633,"tx_ref":"BeUnique Academy_5fbad2b5a73f4","flw_ref":"FLW-MOCK-00f05138945da12fe5de4e192db74f24","device_fingerprint":"f67a2e304549bf936d48590379861da6","amount":25000,"currency":"NGN","charged_amount":25000,"app_fee":350,"merchant_fee":0,"processor_response":"successful","auth_model":"PIN","ip":"102.89.0.228","narration":"CARD Transaction ","status":"successful","payment_type":"card","created_at":"2020-11-22T12:06:54.000Z","account_id":84850,"card":{"first_6digits":"553188","last_4digits":"2950","issuer":" CREDIT","country":"NIGERIA NG","type":"MASTERCARD","token":"flw-t1nf-cadf181fefb3cd67d4b4063ba4fc6c2a-m03k","expiry":"09\/32"},"meta":null,"amount_settled":24650,"customer":{"id":531523,"name":"Adeoye Elemide","phone_number":"+2348132021949","email":"elextechnologies4@gmail.com","created_at":"2020-11-21T15:57:40.000Z"}} [] []
[2020-11-22 22:12:48] flutterwave/rave.NOTICE: Generating Reference Number.... [] []
[2020-11-22 22:12:48] flutterwave/rave.NOTICE: Generated Reference Number....BeUnique Academy_5fbad450e31e3 [] []
[2020-11-22 22:12:48] flutterwave/rave.NOTICE: Rave Class Initializes.... [] []
[2020-11-22 22:12:48] flutterwave/rave.NOTICE: Generating Checksum.... [] []
[2020-11-22 22:13:34] flutterwave/rave.NOTICE: Generating Reference Number.... [] []
[2020-11-22 22:13:34] flutterwave/rave.NOTICE: Generated Reference Number....BeUnique Academy_5fbad47e8cd73 [] []
[2020-11-22 22:13:34] flutterwave/rave.NOTICE: Rave Class Initializes.... [] []
[2020-11-22 22:13:34] flutterwave/rave.NOTICE: Payment completed. Now requerying payment. [] []
[2020-11-22 22:13:34] flutterwave/rave.NOTICE: Requerying Transaction....1716637 [] []
[2020-11-22 22:13:36] flutterwave/rave.NOTICE: Requeryed a successful transaction....{"id":1716637,"tx_ref":"BeUnique Academy_5fbad450e31e3","flw_ref":"FLW-MOCK-7b20bd0f4e4779fc8cd83de7d6a2a4e2","device_fingerprint":"f67a2e304549bf936d48590379861da6","amount":25000,"currency":"NGN","charged_amount":25000,"app_fee":350,"merchant_fee":0,"processor_response":"successful","auth_model":"PIN","ip":"102.89.1.71","narration":"CARD Transaction ","status":"successful","payment_type":"card","created_at":"2020-11-22T12:13:31.000Z","account_id":84850,"card":{"first_6digits":"553188","last_4digits":"2950","issuer":" CREDIT","country":"NIGERIA NG","type":"MASTERCARD","token":"flw-t1nf-cadf181fefb3cd67d4b4063ba4fc6c2a-m03k","expiry":"09\/32"},"meta":null,"amount_settled":24650,"customer":{"id":531523,"name":"Adeoye Elemide","phone_number":"+2348132021949","email":"elextechnologies4@gmail.com","created_at":"2020-11-21T15:57:40.000Z"}} [] []
